$ cc -Wall -g -DNDEBUG   -c -o ex22.o ex22.c
$ cc -Wall -g -DNDEBUG    ex22_main.c ex22.o   -o ex22_main
$ ./ex22_main
[INFO] (ex22_main.c:26) My name: Zed A. Shaw, age: 37
[INFO] (ex22_main.c:30) My age is now: 100
[INFO] (ex22_main.c:33) THE_SIZE is: 1000
[INFO] (ex22.c:32) I think size is: 1000
[INFO] (ex22_main.c:38) THE SIZE is now: 9
[INFO] (ex22.c:32) I think size is: 9
[INFO] (ex22_main.c:42) Ratio at first: 1.000000
[INFO] (ex22_main.c:43) Ratio again: 2.000000
[INFO] (ex22_main.c:44) Ratio once more: 10.000000
[INFO] (ex22_main.c:8) count is: 4
[INFO] (ex22_main.c:16) count is at exit: 4
[INFO] (ex22_main.c:20) count after assign: 3000
[INFO] (ex22_main.c:8) count is: 80
[INFO] (ex22_main.c:13) count in this scope is 100
[INFO] (ex22_main.c:16) count is at exit: 80
[INFO] (ex22_main.c:20) count after assign: 3000
[INFO] (ex22_main.c:51) count after calling scope_demo: 4
