$ make ex4
cc -Wall -g    ex4.c   -o ex4
ex4.c: In function 'main':
ex4.c:10: warning: too few arguments for format
ex4.c:7: warning: unused variable 'age'
ex4.c:11: warning: 'height' is used uninitialized in this function
$ valgrind ./ex4
==3082== Memcheck, a memory error detector
==3082== Copyright (C) 2002-2010, and GNU GPL'd, by Julian Seward et al.
==3082== Using Valgrind-3.6.0.SVN-Debian and LibVEX; rerun with -h for copyright info
==3082== Command: ./ex4
==3082== 
I am -16775432 years old.
==3082== Use of uninitialised value of size 8
==3082==    at 0x4E730EB: _itoa_word (_itoa.c:195)
==3082==    by 0x4E743D8: vfprintf (vfprintf.c:1613)
==3082==    by 0x4E7E6F9: printf (printf.c:35)
==3082==    by 0x40052B: main (ex4.c:11)
==3082== 
==3082== Conditional jump or move depends on uninitialised value(s)
==3082==    at 0x4E730F5: _itoa_word (_itoa.c:195)
==3082==    by 0x4E743D8: vfprintf (vfprintf.c:1613)
==3082==    by 0x4E7E6F9: printf (printf.c:35)
==3082==    by 0x40052B: main (ex4.c:11)
==3082== 
==3082== Conditional jump or move depends on uninitialised value(s)
==3082==    at 0x4E7633B: vfprintf (vfprintf.c:1613)
==3082==    by 0x4E7E6F9: printf (printf.c:35)
==3082==    by 0x40052B: main (ex4.c:11)
==3082== 
==3082== Conditional jump or move depends on uninitialised value(s)
==3082==    at 0x4E744C6: vfprintf (vfprintf.c:1613)
==3082==    by 0x4E7E6F9: printf (printf.c:35)
==3082==    by 0x40052B: main (ex4.c:11)
==3082== 
I am 0 inches tall.
==3082== 
==3082== HEAP SUMMARY:
==3082==     in use at exit: 0 bytes in 0 blocks
==3082==   total heap usage: 0 allocs, 0 frees, 0 bytes allocated
==3082== 
==3082== All heap blocks were freed -- no leaks are possible
==3082== 
==3082== For counts of detected and suppressed errors, rerun with: -v
==3082== Use --track-origins=yes to see where uninitialised values come from
==3082== ERROR SUMMARY: 4 errors from 4 contexts (suppressed: 4 from 4)
$ 

