$ make 1.9-1
cc     1.9-1.c   -o 1.9-1
$ ./1.9-1 
$ 
$ valgrind ./1.9-1
==2162== Memcheck, a memory error detector
==2162== Copyright (C) 2002-2010, and GNU GPL'd, by Julian Seward et al.
==2162== Using Valgrind-3.6.0.SVN-Debian and LibVEX; rerun with -h for copyright info
==2162== Command: ./1.9-1
==2162== 
==2162== Invalid read of size 1
==2162==    at 0x4005C0: copy (in /home/zedshaw/projects/books/learn-c-the-hard-way/code/krc/1.9-1)
==2162==    by 0x400651: main (in /home/zedshaw/projects/books/learn-c-the-hard-way/code/krc/1.9-1)
==2162==  Address 0x51b104a is 0 bytes after a block of size 10 alloc'd
==2162==    at 0x4C2815C: malloc (vg_replace_malloc.c:236)
==2162==    by 0x4005E6: main (in /home/zedshaw/projects/books/learn-c-the-hard-way/code/krc/1.9-1)
==2162== 
==2162== Invalid write of size 1
==2162==    at 0x4005C3: copy (in /home/zedshaw/projects/books/learn-c-the-hard-way/code/krc/1.9-1)
==2162==    by 0x400651: main (in /home/zedshaw/projects/books/learn-c-the-hard-way/code/krc/1.9-1)
==2162==  Address 0x51b109a is 0 bytes after a block of size 10 alloc'd
==2162==    at 0x4C2815C: malloc (vg_replace_malloc.c:236)
==2162==    by 0x4005F4: main (in /home/zedshaw/projects/books/learn-c-the-hard-way/code/krc/1.9-1)
==2162== 
==2162== Invalid read of size 1
==2162==    at 0x4005C5: copy (in /home/zedshaw/projects/books/learn-c-the-hard-way/code/krc/1.9-1)
==2162==    by 0x400651: main (in /home/zedshaw/projects/books/learn-c-the-hard-way/code/krc/1.9-1)
==2162==  Address 0x51b109a is 0 bytes after a block of size 10 alloc'd
==2162==    at 0x4C2815C: malloc (vg_replace_malloc.c:236)
==2162==    by 0x4005F4: main (in /home/zedshaw/projects/books/learn-c-the-hard-way/code/krc/1.9-1)
==2162== 
==2162== 
==2162== HEAP SUMMARY:
==2162==     in use at exit: 0 bytes in 0 blocks
==2162==   total heap usage: 2 allocs, 2 frees, 20 bytes allocated
==2162== 
==2162== All heap blocks were freed -- no leaks are possible
==2162== 
==2162== For counts of detected and suppressed errors, rerun with: -v
==2162== ERROR SUMMARY: 3 errors from 3 contexts (suppressed: 4 from 4)
$ 
